<?xml version="1.0" encoding="UTF-8"?>
<!-- Generated by org.testng.reporters.JUnitReportReporter -->
<testsuite skipped="0" hostname="DESKTOP-BAVMQ1I" name="com.someoneCompany.ValidateNavigation" tests="1" failures="0" timestamp="2019-12-17T23:04:17 IST" time="0.462" errors="0">
  <testcase name="basePagenavigation" time="0.462" classname="com.someoneCompany.ValidateNavigation"/>
</testsuite> <!-- com.someoneCompany.ValidateNavigation -->
