<?xml version="1.0" encoding="UTF-8"?>
<!-- Generated by org.testng.reporters.JUnitReportReporter -->
<testsuite skipped="0" hostname="DESKTOP-BAVMQ1I" name="com.someoneCompany.Homepage" tests="2" failures="0" timestamp="2019-12-17T23:04:17 IST" time="50.201" errors="0">
  <testcase name="basePagenavigation" time="14.283" classname="com.someoneCompany.Homepage"/>
  <testcase name="basePagenavigation" time="35.918" classname="com.someoneCompany.Homepage"/>
</testsuite> <!-- com.someoneCompany.Homepage -->
