<?xml version="1.0" encoding="UTF-8"?>
<!-- Generated by org.testng.reporters.JUnitReportReporter -->
<testsuite skipped="0" hostname="DESKTOP-BAVMQ1I" name="com.someoneCompany.Homepage" tests="2" failures="0" timestamp="2019-12-17T23:06:49 IST" time="48.848" errors="0">
  <testcase name="basePagenavigation" time="15.567" classname="com.someoneCompany.Homepage"/>
  <testcase name="basePagenavigation" time="33.281" classname="com.someoneCompany.Homepage"/>
</testsuite> <!-- com.someoneCompany.Homepage -->
