<?xml version="1.0" encoding="UTF-8"?>
<!-- Generated by org.testng.reporters.JUnitReportReporter -->
<testsuite skipped="0" hostname="DESKTOP-BAVMQ1I" name="com.someoneCompany.AppTest" tests="1" failures="0" timestamp="2019-12-17T22:32:33 IST" time="0.021" errors="0">
  <testcase name="shouldAnswerWithTrue" time="0.021" classname="com.someoneCompany.AppTest"/>
</testsuite> <!-- com.someoneCompany.AppTest -->
