<?xml version="1.0" encoding="UTF-8"?>
<!-- Generated by org.testng.reporters.JUnitReportReporter -->
<testsuite skipped="0" hostname="DESKTOP-BAVMQ1I" name="com.someoneCompany.ValidateTitle" tests="1" failures="0" timestamp="2019-12-17T23:06:49 IST" time="0.445" errors="0">
  <testcase name="basePagenavigation" time="0.445" classname="com.someoneCompany.ValidateTitle"/>
</testsuite> <!-- com.someoneCompany.ValidateTitle -->
